app/manifest-merger-release-report.txt
-- Merging decision tree log ---
manifest
ADDED from AndroidManifest.xml:1:1
	xmlns:android
		ADDED from AndroidManifest.xml:1:11
	package
		ADDED from AndroidManifest.xml:2:5
		INJECTED from AndroidManifest.xml:0:0
		INJECTED from AndroidManifest.xml:0:0
	android:versionName
		INJECTED from AndroidManifest.xml:0:0
		INJECTED from AndroidManifest.xml:0:0
	android:versionCode
		INJECTED from AndroidManifest.xml:0:0
		INJECTED from AndroidManifest.xml:0:0
application
ADDED from AndroidManifest.xml:4:5
MERGED from com.android.support:appcompat-v7:21.0.3:16:5
MERGED from com.android.support:support-v4:21.0.3:16:5
	android:label
		ADDED from AndroidManifest.xml:4:45
	android:allowBackup
		ADDED from AndroidManifest.xml:4:18
	android:icon
		ADDED from AndroidManifest.xml:5:9
	android:theme
		ADDED from AndroidManifest.xml:5:44
service#com.wookoouk.particleweb.Wallpaper
ADDED from AndroidManifest.xml:7:9
	android:label
		ADDED from AndroidManifest.xml:8:13
	android:permission
		ADDED from AndroidManifest.xml:9:13
	android:name
		ADDED from AndroidManifest.xml:7:18
intent-filter#android.service.wallpaper.WallpaperService
ADDED from AndroidManifest.xml:11:13
action#android.service.wallpaper.WallpaperService
ADDED from AndroidManifest.xml:12:17
	android:name
		ADDED from AndroidManifest.xml:12:25
meta-data#android.service.wallpaper
ADDED from AndroidManifest.xml:14:13
	android:resource
		ADDED from AndroidManifest.xml:16:17
	android:name
		ADDED from AndroidManifest.xml:15:17
uses-feature#android.software.live_wallpaper
ADDED from AndroidManifest.xml:19:5
	android:name
		ADDED from AndroidManifest.xml:19:19
uses-sdk
INJECTED from AndroidManifest.xml:0:0 reason: use-sdk injection requested
MERGED from com.android.support:appcompat-v7:21.0.3:15:5
MERGED from com.android.support:support-v4:21.0.3:15:5
	android:targetSdkVersion
		INJECTED from AndroidManifest.xml:0:0
		INJECTED from AndroidManifest.xml:0:0
	android:minSdkVersion
		INJECTED from AndroidManifest.xml:0:0
		INJECTED from AndroidManifest.xml:0:0